\BOOKMARK [0][-]{chapter.1}{\376\377\0001\000\040\000C\000l\000a\000s\000s\000\040\000I\000n\000d\000e\000x}{}% 1
\BOOKMARK [1][-]{section.1.1}{\376\377\0001\000.\0001\000\040\000C\000l\000a\000s\000s\000\040\000L\000i\000s\000t}{chapter.1}% 2
\BOOKMARK [0][-]{chapter.2}{\376\377\0002\000\040\000F\000i\000l\000e\000\040\000I\000n\000d\000e\000x}{}% 3
\BOOKMARK [1][-]{section.2.1}{\376\377\0002\000.\0001\000\040\000F\000i\000l\000e\000\040\000L\000i\000s\000t}{chapter.2}% 4
\BOOKMARK [0][-]{chapter.3}{\376\377\0003\000\040\000C\000l\000a\000s\000s\000\040\000D\000o\000c\000u\000m\000e\000n\000t\000a\000t\000i\000o\000n}{}% 5
\BOOKMARK [1][-]{section.3.1}{\376\377\0003\000.\0001\000\040\000G\000a\000m\000e\000\040\000C\000l\000a\000s\000s\000\040\000R\000e\000f\000e\000r\000e\000n\000c\000e}{chapter.3}% 6
\BOOKMARK [2][-]{subsection.3.1.1}{\376\377\0003\000.\0001\000.\0001\000\040\000D\000e\000t\000a\000i\000l\000e\000d\000\040\000D\000e\000s\000c\000r\000i\000p\000t\000i\000o\000n}{section.3.1}% 7
\BOOKMARK [2][-]{subsection.3.1.2}{\376\377\0003\000.\0001\000.\0002\000\040\000M\000e\000m\000b\000e\000r\000\040\000F\000u\000n\000c\000t\000i\000o\000n\000\040\000D\000o\000c\000u\000m\000e\000n\000t\000a\000t\000i\000o\000n}{section.3.1}% 8
\BOOKMARK [3][-]{subsubsection.3.1.2.1}{\376\377\0003\000.\0001\000.\0002\000.\0001\000\040\000l\000e\000f\000t\000C\000l\000i\000c\000k\000\050\000s\000f\000:\000:\000V\000e\000c\000t\000o\000r\0002\000f\000\040\000p\000o\000s\000i\000t\000i\000o\000n\000\051}{subsection.3.1.2}% 9
\BOOKMARK [3][-]{subsubsection.3.1.2.2}{\376\377\0003\000.\0001\000.\0002\000.\0002\000\040\000m\000o\000v\000e\000C\000a\000m\000e\000r\000a\000\050\000f\000l\000o\000a\000t\000\040\000c\000x\000,\000\040\000f\000l\000o\000a\000t\000\040\000c\000y\000,\000\040\000f\000l\000o\000a\000t\000\040\000z\000o\000o\000m\000=\0001\000.\000f\000\051}{subsection.3.1.2}% 10
\BOOKMARK [3][-]{subsubsection.3.1.2.3}{\376\377\0003\000.\0001\000.\0002\000.\0003\000\040\000m\000y\000P\000r\000o\000c\000e\000s\000s\000E\000v\000e\000n\000t\000\050\000c\000o\000n\000s\000t\000\040\000s\000f\000:\000:\000E\000v\000e\000n\000t\000\040\000e\000v\000e\000n\000t\000\051}{subsection.3.1.2}% 11
\BOOKMARK [3][-]{subsubsection.3.1.2.4}{\376\377\0003\000.\0001\000.\0002\000.\0004\000\040\000r\000i\000g\000h\000t\000C\000l\000i\000c\000k\000\050\000s\000f\000:\000:\000V\000e\000c\000t\000o\000r\0002\000f\000\040\000p\000o\000s\000i\000t\000i\000o\000n\000\051}{subsection.3.1.2}% 12
\BOOKMARK [3][-]{subsubsection.3.1.2.5}{\376\377\0003\000.\0001\000.\0002\000.\0005\000\040\000s\000e\000l\000e\000c\000t\000e\000d\000R\000e\000c\000t\000\050\000s\000f\000:\000:\000F\000l\000o\000a\000t\000R\000e\000c\000t\000\040\000r\000e\000c\000t\000\051}{subsection.3.1.2}% 13
\BOOKMARK [3][-]{subsubsection.3.1.2.6}{\376\377\0003\000.\0001\000.\0002\000.\0006\000\040\000s\000e\000n\000d\000C\000o\000m\000m\000a\000n\000d\000s\000\050\000\051}{subsection.3.1.2}% 14
\BOOKMARK [1][-]{section.3.2}{\376\377\0003\000.\0002\000\040\000G\000a\000m\000e\000S\000t\000a\000t\000e\000\040\000C\000l\000a\000s\000s\000\040\000R\000e\000f\000e\000r\000e\000n\000c\000e}{chapter.3}% 15
\BOOKMARK [2][-]{subsection.3.2.1}{\376\377\0003\000.\0002\000.\0001\000\040\000D\000e\000t\000a\000i\000l\000e\000d\000\040\000D\000e\000s\000c\000r\000i\000p\000t\000i\000o\000n}{section.3.2}% 16
\BOOKMARK [2][-]{subsection.3.2.2}{\376\377\0003\000.\0002\000.\0002\000\040\000C\000o\000n\000s\000t\000r\000u\000c\000t\000o\000r\000\040\000\046\000\040\000D\000e\000s\000t\000r\000u\000c\000t\000o\000r\000\040\000D\000o\000c\000u\000m\000e\000n\000t\000a\000t\000i\000o\000n}{section.3.2}% 17
\BOOKMARK [3][-]{subsubsection.3.2.2.1}{\376\377\0003\000.\0002\000.\0002\000.\0001\000\040\000G\000a\000m\000e\000S\000t\000a\000t\000e\000\050\000s\000t\000r\000i\000n\000g\000\040\000t\000i\000t\000l\000e\000=\000"\000O\000u\000t\000p\000u\000t\000"\000\051}{subsection.3.2.2}% 18
\BOOKMARK [2][-]{subsection.3.2.3}{\376\377\0003\000.\0002\000.\0003\000\040\000M\000e\000m\000b\000e\000r\000\040\000F\000u\000n\000c\000t\000i\000o\000n\000\040\000D\000o\000c\000u\000m\000e\000n\000t\000a\000t\000i\000o\000n}{section.3.2}% 19
\BOOKMARK [3][-]{subsubsection.3.2.3.1}{\376\377\0003\000.\0002\000.\0003\000.\0001\000\040\000a\000d\000d\000D\000r\000a\000w\000a\000b\000l\000e\000\050\000c\000o\000n\000s\000t\000\040\000T\000\040\000x\000\051}{subsection.3.2.3}% 20
\BOOKMARK [1][-]{section.3.3}{\376\377\0003\000.\0003\000\040\000H\000e\000x\000M\000a\000p\000\040\000C\000l\000a\000s\000s\000\040\000R\000e\000f\000e\000r\000e\000n\000c\000e}{chapter.3}% 21
\BOOKMARK [2][-]{subsection.3.3.1}{\376\377\0003\000.\0003\000.\0001\000\040\000D\000e\000t\000a\000i\000l\000e\000d\000\040\000D\000e\000s\000c\000r\000i\000p\000t\000i\000o\000n}{section.3.3}% 22
\BOOKMARK [2][-]{subsection.3.3.2}{\376\377\0003\000.\0003\000.\0002\000\040\000C\000o\000n\000s\000t\000r\000u\000c\000t\000o\000r\000\040\000\046\000\040\000D\000e\000s\000t\000r\000u\000c\000t\000o\000r\000\040\000D\000o\000c\000u\000m\000e\000n\000t\000a\000t\000i\000o\000n}{section.3.3}% 23
\BOOKMARK [3][-]{subsubsection.3.3.2.1}{\376\377\0003\000.\0003\000.\0002\000.\0001\000\040\000H\000e\000x\000M\000a\000p\000\050\000i\000n\000t\000\040\000r\000o\000w\000s\000,\000\040\000i\000n\000t\000\040\000c\000o\000l\000u\000m\000n\000s\000,\000\040\000f\000l\000o\000a\000t\000\040\000s\000i\000z\000e\000=\0003\0000\000.\000f\000\051}{subsection.3.3.2}% 24
\BOOKMARK [2][-]{subsection.3.3.3}{\376\377\0003\000.\0003\000.\0003\000\040\000M\000e\000m\000b\000e\000r\000\040\000F\000u\000n\000c\000t\000i\000o\000n\000\040\000D\000o\000c\000u\000m\000e\000n\000t\000a\000t\000i\000o\000n}{section.3.3}% 25
\BOOKMARK [3][-]{subsubsection.3.3.3.1}{\376\377\0003\000.\0003\000.\0003\000.\0001\000\040\000d\000r\000a\000w\000\050\000G\000a\000m\000e\000S\000t\000a\000t\000e\000\040\000g\000a\000m\000e\000S\000t\000a\000t\000e\000\051\000\040\000c\000o\000n\000s\000t\000\040}{subsection.3.3.3}% 26
\BOOKMARK [3][-]{subsubsection.3.3.3.2}{\376\377\0003\000.\0003\000.\0003\000.\0002\000\040\000d\000r\000a\000w\000\050\000s\000f\000:\000:\000R\000e\000n\000d\000e\000r\000W\000i\000n\000d\000o\000w\000\040\000w\000i\000n\000d\000o\000w\000\051\000\040\000c\000o\000n\000s\000t\000\040}{subsection.3.3.3}% 27
\BOOKMARK [3][-]{subsubsection.3.3.3.3}{\376\377\0003\000.\0003\000.\0003\000.\0003\000\040\000g\000e\000t\000C\000o\000l\000o\000r\000\050\000i\000n\000t\000\040\000r\000o\000w\000,\000\040\000i\000n\000t\000\040\000c\000o\000l\000u\000m\000n\000\051\000\040\000c\000o\000n\000s\000t\000\040}{subsection.3.3.3}% 28
\BOOKMARK [3][-]{subsubsection.3.3.3.4}{\376\377\0003\000.\0003\000.\0003\000.\0004\000\040\000g\000e\000t\000H\000e\000x\000\050\000s\000f\000:\000:\000V\000e\000c\000t\000o\000r\0002\000f\000\040\000p\000o\000s\000i\000t\000i\000o\000n\000\051\000\040\000c\000o\000n\000s\000t\000\040}{subsection.3.3.3}% 29
\BOOKMARK [3][-]{subsubsection.3.3.3.5}{\376\377\0003\000.\0003\000.\0003\000.\0005\000\040\000g\000e\000t\000N\000e\000i\000g\000h\000b\000o\000u\000r\000s\000\050\000i\000n\000t\000\040\000r\000o\000w\000,\000\040\000i\000n\000t\000\040\000c\000o\000l\000u\000m\000n\000\051\000\040\000c\000o\000n\000s\000t\000\040}{subsection.3.3.3}% 30
\BOOKMARK [3][-]{subsubsection.3.3.3.6}{\376\377\0003\000.\0003\000.\0003\000.\0006\000\040\000g\000e\000t\000P\000o\000s\000i\000t\000i\000o\000n\000\050\000i\000n\000t\000\040\000r\000o\000w\000,\000\040\000i\000n\000t\000\040\000c\000o\000l\000u\000m\000n\000\051\000\040\000c\000o\000n\000s\000t\000\040}{subsection.3.3.3}% 31
\BOOKMARK [3][-]{subsubsection.3.3.3.7}{\376\377\0003\000.\0003\000.\0003\000.\0007\000\040\000i\000n\000i\000t\000\050\000i\000n\000t\000\040\000r\000o\000w\000s\000,\000\040\000i\000n\000t\000\040\000c\000o\000l\000u\000m\000n\000s\000,\000\040\000f\000l\000o\000a\000t\000\040\000s\000i\000z\000e\000=\0003\0000\000.\000f\000\051}{subsection.3.3.3}% 32
\BOOKMARK [3][-]{subsubsection.3.3.3.8}{\376\377\0003\000.\0003\000.\0003\000.\0008\000\040\000s\000e\000t\000C\000o\000l\000o\000r\000\050\000i\000n\000t\000\040\000r\000o\000w\000,\000\040\000i\000n\000t\000\040\000c\000o\000l\000u\000m\000n\000,\000\040\000s\000f\000:\000:\000C\000o\000l\000o\000r\000\040\000c\000o\000l\000o\000r\000\051}{subsection.3.3.3}% 33
\BOOKMARK [1][-]{section.3.4}{\376\377\0003\000.\0004\000\040\000I\000n\000f\000o\000\040\000C\000l\000a\000s\000s\000\040\000R\000e\000f\000e\000r\000e\000n\000c\000e}{chapter.3}% 34
\BOOKMARK [2][-]{subsection.3.4.1}{\376\377\0003\000.\0004\000.\0001\000\040\000D\000e\000t\000a\000i\000l\000e\000d\000\040\000D\000e\000s\000c\000r\000i\000p\000t\000i\000o\000n}{section.3.4}% 35
\BOOKMARK [2][-]{subsection.3.4.2}{\376\377\0003\000.\0004\000.\0002\000\040\000M\000e\000m\000b\000e\000r\000\040\000F\000u\000n\000c\000t\000i\000o\000n\000\040\000D\000o\000c\000u\000m\000e\000n\000t\000a\000t\000i\000o\000n}{section.3.4}% 36
\BOOKMARK [3][-]{subsubsection.3.4.2.1}{\376\377\0003\000.\0004\000.\0002\000.\0001\000\040\000a\000d\000d\000F\000u\000n\000c\000t\000i\000o\000n\000\050\000s\000t\000r\000i\000n\000g\000\040\000l\000a\000b\000e\000l\000,\000\040\000f\000u\000n\000c\000t\000i\000o\000n\000<\000\040\000s\000t\000r\000i\000n\000g\000\050\000\051\000>\000\040\000f\000u\000n\000c\000t\000i\000o\000n\000\051}{subsection.3.4.2}% 37
\BOOKMARK [3][-]{subsubsection.3.4.2.2}{\376\377\0003\000.\0004\000.\0002\000.\0002\000\040\000a\000d\000d\000I\000t\000e\000m\000\050\000s\000t\000r\000i\000n\000g\000\040\000l\000a\000b\000e\000l\000,\000\040\000T\000\040\000v\000a\000r\000i\000a\000b\000l\000e\000\051}{subsection.3.4.2}% 38
\BOOKMARK [3][-]{subsubsection.3.4.2.3}{\376\377\0003\000.\0004\000.\0002\000.\0003\000\040\000d\000r\000a\000w\000\050\000s\000f\000:\000:\000R\000e\000n\000d\000e\000r\000W\000i\000n\000d\000o\000w\000\040\000w\000i\000n\000d\000o\000w\000\051}{subsection.3.4.2}% 39
\BOOKMARK [3][-]{subsubsection.3.4.2.4}{\376\377\0003\000.\0004\000.\0002\000.\0004\000\040\000h\000a\000s\000I\000t\000e\000m\000\050\000s\000t\000r\000i\000n\000g\000\040\000l\000a\000b\000e\000l\000\051}{subsection.3.4.2}% 40
\BOOKMARK [3][-]{subsubsection.3.4.2.5}{\376\377\0003\000.\0004\000.\0002\000.\0005\000\040\000l\000o\000g\000\050\000o\000s\000t\000r\000e\000a\000m\000\040\000o\000\051}{subsection.3.4.2}% 41
\BOOKMARK [3][-]{subsubsection.3.4.2.6}{\376\377\0003\000.\0004\000.\0002\000.\0006\000\040\000r\000e\000m\000o\000v\000e\000I\000t\000e\000m\000\050\000s\000t\000r\000i\000n\000g\000\040\000l\000a\000b\000e\000l\000\051}{subsection.3.4.2}% 42
\BOOKMARK [1][-]{section.3.5}{\376\377\0003\000.\0005\000\040\000M\000u\000l\000t\000i\000S\000t\000r\000e\000a\000m\000\040\000C\000l\000a\000s\000s\000\040\000R\000e\000f\000e\000r\000e\000n\000c\000e}{chapter.3}% 43
\BOOKMARK [2][-]{subsection.3.5.1}{\376\377\0003\000.\0005\000.\0001\000\040\000D\000e\000t\000a\000i\000l\000e\000d\000\040\000D\000e\000s\000c\000r\000i\000p\000t\000i\000o\000n}{section.3.5}% 44
\BOOKMARK [2][-]{subsection.3.5.2}{\376\377\0003\000.\0005\000.\0002\000\040\000C\000o\000n\000s\000t\000r\000u\000c\000t\000o\000r\000\040\000\046\000\040\000D\000e\000s\000t\000r\000u\000c\000t\000o\000r\000\040\000D\000o\000c\000u\000m\000e\000n\000t\000a\000t\000i\000o\000n}{section.3.5}% 45
\BOOKMARK [3][-]{subsubsection.3.5.2.1}{\376\377\0003\000.\0005\000.\0002\000.\0001\000\040\000M\000u\000l\000t\000i\000S\000t\000r\000e\000a\000m\000\050\000i\000n\000i\000t\000i\000a\000l\000i\000z\000e\000r\000l\000i\000s\000t\000<\000\040\000o\000s\000t\000r\000e\000a\000m\000\040\000*\000\040\000>\000\040\000l\000i\000s\000t\000\051}{subsection.3.5.2}% 46
\BOOKMARK [2][-]{subsection.3.5.3}{\376\377\0003\000.\0005\000.\0003\000\040\000M\000e\000m\000b\000e\000r\000\040\000F\000u\000n\000c\000t\000i\000o\000n\000\040\000D\000o\000c\000u\000m\000e\000n\000t\000a\000t\000i\000o\000n}{section.3.5}% 47
\BOOKMARK [3][-]{subsubsection.3.5.3.1}{\376\377\0003\000.\0005\000.\0003\000.\0001\000\040\000a\000d\000d\000S\000t\000r\000e\000a\000m\000\050\000o\000s\000t\000r\000e\000a\000m\000\040\000s\000t\000r\000\051}{subsection.3.5.3}% 48
\BOOKMARK [0][-]{chapter.4}{\376\377\0004\000\040\000F\000i\000l\000e\000\040\000D\000o\000c\000u\000m\000e\000n\000t\000a\000t\000i\000o\000n}{}% 49
\BOOKMARK [1][-]{section.4.1}{\376\377\0004\000.\0001\000\040\000C\000o\000m\000m\000o\000n\000.\000h\000\040\000F\000i\000l\000e\000\040\000R\000e\000f\000e\000r\000e\000n\000c\000e}{chapter.4}% 50
\BOOKMARK [2][-]{subsection.4.1.1}{\376\377\0004\000.\0001\000.\0001\000\040\000D\000e\000t\000a\000i\000l\000e\000d\000\040\000D\000e\000s\000c\000r\000i\000p\000t\000i\000o\000n}{section.4.1}% 51
\BOOKMARK [2][-]{subsection.4.1.2}{\376\377\0004\000.\0001\000.\0002\000\040\000F\000u\000n\000c\000t\000i\000o\000n\000\040\000D\000o\000c\000u\000m\000e\000n\000t\000a\000t\000i\000o\000n}{section.4.1}% 52
\BOOKMARK [3][-]{subsubsection.4.1.2.1}{\376\377\0004\000.\0001\000.\0002\000.\0001\000\040\000m\000a\000k\000e\000C\000i\000r\000c\000l\000e\000\050\000f\000l\000o\000a\000t\000\040\000r\000a\000d\000i\000u\000s\000,\000\040\000f\000l\000o\000a\000t\000\040\000x\000,\000\040\000f\000l\000o\000a\000t\000\040\000y\000,\000\040\000s\000f\000:\000:\000C\000o\000l\000o\000r\000\040\000f\000i\000l\000l\000C\000o\000l\000o\000r\000\051}{subsection.4.1.2}% 53
\BOOKMARK [3][-]{subsubsection.4.1.2.2}{\376\377\0004\000.\0001\000.\0002\000.\0002\000\040\000m\000a\000k\000e\000L\000i\000n\000e\000\050\000f\000l\000o\000a\000t\000\040\000x\0001\000,\000\040\000f\000l\000o\000a\000t\000\040\000y\0001\000,\000\040\000f\000l\000o\000a\000t\000\040\000x\0002\000,\000\040\000f\000l\000o\000a\000t\000\040\000y\0002\000,\000\040\000f\000l\000o\000a\000t\000\040\000t\000h\000i\000c\000k\000n\000e\000s\000s\000,\000\040\000s\000f\000:\000:\000C\000o\000l\000o\000r\000\040\000f\000i\000l\000l\000C\000o\000l\000o\000r\000\051}{subsection.4.1.2}% 54
\BOOKMARK [3][-]{subsubsection.4.1.2.3}{\376\377\0004\000.\0001\000.\0002\000.\0003\000\040\000m\000a\000k\000e\000R\000e\000c\000t\000a\000n\000g\000l\000e\000\050\000f\000l\000o\000a\000t\000\040\000w\000i\000d\000t\000h\000,\000\040\000f\000l\000o\000a\000t\000\040\000h\000e\000i\000g\000h\000t\000,\000\040\000f\000l\000o\000a\000t\000\040\000x\000,\000\040\000f\000l\000o\000a\000t\000\040\000y\000,\000\040\000s\000f\000:\000:\000C\000o\000l\000o\000r\000\040\000f\000i\000l\000l\000C\000o\000l\000o\000r\000\051}{subsection.4.1.2}% 55
\BOOKMARK [3][-]{subsubsection.4.1.2.4}{\376\377\0004\000.\0001\000.\0002\000.\0004\000\040\000m\000a\000k\000e\000T\000e\000x\000t\000\050\000s\000t\000r\000i\000n\000g\000\040\000c\000a\000p\000t\000i\000o\000n\000,\000\040\000i\000n\000t\000\040\000f\000o\000n\000t\000S\000i\000z\000e\000,\000\040\000f\000l\000o\000a\000t\000\040\000x\000,\000\040\000f\000l\000o\000a\000t\000\040\000y\000,\000\040\000s\000f\000:\000:\000C\000o\000l\000o\000r\000\040\000c\000o\000l\000o\000r\000\051}{subsection.4.1.2}% 56
\BOOKMARK [1][-]{section.4.2}{\376\377\0004\000.\0002\000\040\000G\000a\000m\000e\000.\000h\000\040\000F\000i\000l\000e\000\040\000R\000e\000f\000e\000r\000e\000n\000c\000e}{chapter.4}% 57
\BOOKMARK [2][-]{subsection.4.2.1}{\376\377\0004\000.\0002\000.\0001\000\040\000D\000e\000t\000a\000i\000l\000e\000d\000\040\000D\000e\000s\000c\000r\000i\000p\000t\000i\000o\000n}{section.4.2}% 58
\BOOKMARK [1][-]{section.4.3}{\376\377\0004\000.\0003\000\040\000G\000a\000m\000e\000S\000t\000a\000t\000e\000.\000h\000\040\000F\000i\000l\000e\000\040\000R\000e\000f\000e\000r\000e\000n\000c\000e}{chapter.4}% 59
\BOOKMARK [2][-]{subsection.4.3.1}{\376\377\0004\000.\0003\000.\0001\000\040\000D\000e\000t\000a\000i\000l\000e\000d\000\040\000D\000e\000s\000c\000r\000i\000p\000t\000i\000o\000n}{section.4.3}% 60
\BOOKMARK [1][-]{section.4.4}{\376\377\0004\000.\0004\000\040\000H\000e\000x\000M\000a\000p\000.\000h\000\040\000F\000i\000l\000e\000\040\000R\000e\000f\000e\000r\000e\000n\000c\000e}{chapter.4}% 61
\BOOKMARK [2][-]{subsection.4.4.1}{\376\377\0004\000.\0004\000.\0001\000\040\000D\000e\000t\000a\000i\000l\000e\000d\000\040\000D\000e\000s\000c\000r\000i\000p\000t\000i\000o\000n}{section.4.4}% 62
\BOOKMARK [1][-]{section.4.5}{\376\377\0004\000.\0005\000\040\000I\000n\000f\000o\000.\000h\000\040\000F\000i\000l\000e\000\040\000R\000e\000f\000e\000r\000e\000n\000c\000e}{chapter.4}% 63
\BOOKMARK [2][-]{subsection.4.5.1}{\376\377\0004\000.\0005\000.\0001\000\040\000D\000e\000t\000a\000i\000l\000e\000d\000\040\000D\000e\000s\000c\000r\000i\000p\000t\000i\000o\000n}{section.4.5}% 64
\BOOKMARK [1][-]{section.4.6}{\376\377\0004\000.\0006\000\040\000L\000o\000g\000.\000h\000\040\000F\000i\000l\000e\000\040\000R\000e\000f\000e\000r\000e\000n\000c\000e}{chapter.4}% 65
\BOOKMARK [2][-]{subsection.4.6.1}{\376\377\0004\000.\0006\000.\0001\000\040\000D\000e\000t\000a\000i\000l\000e\000d\000\040\000D\000e\000s\000c\000r\000i\000p\000t\000i\000o\000n}{section.4.6}% 66
\BOOKMARK [2][-]{subsection.4.6.2}{\376\377\0004\000.\0006\000.\0002\000\040\000F\000u\000n\000c\000t\000i\000o\000n\000\040\000D\000o\000c\000u\000m\000e\000n\000t\000a\000t\000i\000o\000n}{section.4.6}% 67
\BOOKMARK [3][-]{subsubsection.4.6.2.1}{\376\377\0004\000.\0006\000.\0002\000.\0001\000\040\000o\000p\000e\000n\000l\000o\000g\000\050\000o\000f\000s\000t\000r\000e\000a\000m\000\040\000o\000f\000,\000\040\000s\000t\000r\000i\000n\000g\000\040\000d\000i\000r\000\051}{subsection.4.6.2}% 68
\BOOKMARK [1][-]{section.4.7}{\376\377\0004\000.\0007\000\040\000W\000r\000a\000p\000p\000e\000r\000.\000h\000\040\000F\000i\000l\000e\000\040\000R\000e\000f\000e\000r\000e\000n\000c\000e}{chapter.4}% 69
\BOOKMARK [2][-]{subsection.4.7.1}{\376\377\0004\000.\0007\000.\0001\000\040\000D\000e\000t\000a\000i\000l\000e\000d\000\040\000D\000e\000s\000c\000r\000i\000p\000t\000i\000o\000n}{section.4.7}% 70
\BOOKMARK [2][-]{subsection.4.7.2}{\376\377\0004\000.\0007\000.\0002\000\040\000F\000u\000n\000c\000t\000i\000o\000n\000\040\000D\000o\000c\000u\000m\000e\000n\000t\000a\000t\000i\000o\000n}{section.4.7}% 71
\BOOKMARK [3][-]{subsubsection.4.7.2.1}{\376\377\0004\000.\0007\000.\0002\000.\0001\000\040\000c\000o\000n\000n\000e\000c\000t\000\050\000s\000t\000r\000i\000n\000g\000\040\000h\000o\000s\000t\000,\000\040\000i\000n\000t\000\040\000p\000o\000r\000t\000,\000\040\000s\000t\000r\000i\000n\000g\000\040\000l\000o\000g\000i\000n\000,\000\040\000s\000t\000r\000i\000n\000g\000\040\000p\000a\000s\000s\000w\000o\000r\000d\000\051}{subsection.4.7.2}% 72
\BOOKMARK [3][-]{subsubsection.4.7.2.2}{\376\377\0004\000.\0007\000.\0002\000.\0002\000\040\000s\000e\000n\000d\000M\000e\000s\000s\000a\000g\000e\000\050\000s\000t\000r\000i\000n\000g\000\040\000m\000e\000s\000s\000a\000g\000e\000=\000s\000t\000r\000i\000n\000g\000\050\000\051\000\051}{subsection.4.7.2}% 73
\BOOKMARK [3][-]{subsubsection.4.7.2.3}{\376\377\0004\000.\0007\000.\0002\000.\0003\000\040\000t\000u\000r\000n\000s\000L\000e\000f\000t\000\050\000\051}{subsection.4.7.2}% 74
\BOOKMARK [0][-]{section*.30}{\376\377\000I\000n\000d\000e\000x}{}% 75
